<?xml version="1.0" encoding="UTF-8"?>
<!-- Generated by org.testng.reporters.JUnitReportReporter -->
<testsuite skipped="4" hostname="DESKTOP-9C5438O" name="com.crm.comcast.organaizationtest.CreateOrganizationTest" tests="6" failures="0" timestamp="2022-02-23T15:18:44 IST" time="24.479" errors="2">
  <testcase name="createOrganizationTest" time="0.001" classname="com.crm.comcast.organaizationtest.CreateOrganizationTest">
    <skipped/>
  </testcase> <!-- createOrganizationTest -->
  <system-out/>
  <testcase name="createOrganization_With_Industries_And_Type_Test" time="0.000" classname="com.crm.comcast.organaizationtest.CreateOrganizationTest">
    <skipped/>
  </testcase> <!-- createOrganization_With_Industries_And_Type_Test -->
  <system-out/>
  <testcase name="config_BC" time="12.239" classname="com.crm.comcast.organaizationtest.CreateOrganizationTest">
    <error type="org.openqa.selenium.SessionNotCreatedException" message="session not created: This version of ChromeDriver only supports Chrome version 95
Current browser version is 98.0.4758.102 with binary path C:\Program Files\Google\Chrome\Application\chrome.exe
Build info: version: &#039;3.141.59&#039;, revision: &#039;e82be7d358&#039;, time: &#039;2018-11-14T08:25:48&#039;
System info: host: &#039;DESKTOP-9C5438O&#039;, ip: &#039;127.0.0.1&#039;, os.name: &#039;Windows 10&#039;, os.arch: &#039;amd64&#039;, os.version: &#039;10.0&#039;, java.version: &#039;1.8.0_202&#039;
Driver info: driver.version: ChromeDriver
remote stacktrace: Backtrace:
	Ordinal0 [0x01123AB3+2505395]
	Ordinal0 [0x010BAE41+2076225]
	Ordinal0 [0x00FC2498+1057944]
	Ordinal0 [0x00FE0841+1181761]
	Ordinal0 [0x00FDC64B+1164875]
	Ordinal0 [0x00FD9EBF+1154751]
	Ordinal0 [0x0100A02F+1351727]
	Ordinal0 [0x01009C9A+1350810]
	Ordinal0 [0x010058BB+1333435]
	Ordinal0 [0x00FE23E4+1188836]
	Ordinal0 [0x00FE323F+1192511]
	GetHandleVerifier [0x012ACB36+1554566]
	GetHandleVerifier [0x01354A0C+2242396]
	GetHandleVerifier [0x011B0E0B+523099]
	GetHandleVerifier [0x011AFEB0+519168]
	Ordinal0 [0x010C02FD+2097917]
	Ordinal0 [0x010C4388+2114440]
	Ordinal0 [0x010C44C2+2114754]
	Ordinal0 [0x010CE041+2154561]
	BaseThreadInitThunk [0x7732FA29+25]
	RtlGetAppContainerNamedObjectPath [0x775D7A7E+286]
	RtlGetAppContainerNamedObjectPath [0x775D7A4E+238]
">
      <![CDATA[org.openqa.selenium.SessionNotCreatedException: session not created: This version of ChromeDriver only supports Chrome version 95
Current browser version is 98.0.4758.102 with binary path C:\Program Files\Google\Chrome\Application\chrome.exe
Build info: version: '3.141.59', revision: 'e82be7d358', time: '2018-11-14T08:25:48'
System info: host: 'DESKTOP-9C5438O', ip: '127.0.0.1', os.name: 'Windows 10', os.arch: 'amd64', os.version: '10.0', java.version: '1.8.0_202'
Driver info: driver.version: ChromeDriver
remote stacktrace: Backtrace:
Ordinal0 [0x01123AB3+2505395]
Ordinal0 [0x010BAE41+2076225]
Ordinal0 [0x00FC2498+1057944]
Ordinal0 [0x00FE0841+1181761]
Ordinal0 [0x00FDC64B+1164875]
Ordinal0 [0x00FD9EBF+1154751]
Ordinal0 [0x0100A02F+1351727]
Ordinal0 [0x01009C9A+1350810]
Ordinal0 [0x010058BB+1333435]
Ordinal0 [0x00FE23E4+1188836]
Ordinal0 [0x00FE323F+1192511]
GetHandleVerifier [0x012ACB36+1554566]
GetHandleVerifier [0x01354A0C+2242396]
GetHandleVerifier [0x011B0E0B+523099]
GetHandleVerifier [0x011AFEB0+519168]
Ordinal0 [0x010C02FD+2097917]
Ordinal0 [0x010C4388+2114440]
Ordinal0 [0x010C44C2+2114754]
Ordinal0 [0x010CE041+2154561]
BaseThreadInitThunk [0x7732FA29+25]
RtlGetAppContainerNamedObjectPath [0x775D7A7E+286]
RtlGetAppContainerNamedObjectPath [0x775D7A4E+238]

at sun.reflect.NativeConstructorAccessorImpl.newInstance0(Native Method)
at sun.reflect.NativeConstructorAccessorImpl.newInstance(NativeConstructorAccessorImpl.java:62)
at sun.reflect.DelegatingConstructorAccessorImpl.newInstance(DelegatingConstructorAccessorImpl.java:45)
at java.lang.reflect.Constructor.newInstance(Constructor.java:423)
at org.openqa.selenium.remote.W3CHandshakeResponse.lambda$errorHandler$0(W3CHandshakeResponse.java:62)
at org.openqa.selenium.remote.HandshakeResponse.lambda$getResponseFunction$0(HandshakeResponse.java:30)
at org.openqa.selenium.remote.ProtocolHandshake.lambda$createSession$0(ProtocolHandshake.java:126)
at java.util.stream.ReferencePipeline$3$1.accept(ReferencePipeline.java:193)
at java.util.Spliterators$ArraySpliterator.tryAdvance(Spliterators.java:958)
at java.util.stream.ReferencePipeline.forEachWithCancel(ReferencePipeline.java:126)
at java.util.stream.AbstractPipeline.copyIntoWithCancel(AbstractPipeline.java:498)
at java.util.stream.AbstractPipeline.copyInto(AbstractPipeline.java:485)
at java.util.stream.AbstractPipeline.wrapAndCopyInto(AbstractPipeline.java:471)
at java.util.stream.FindOps$FindOp.evaluateSequential(FindOps.java:152)
at java.util.stream.AbstractPipeline.evaluate(AbstractPipeline.java:234)
at java.util.stream.ReferencePipeline.findFirst(ReferencePipeline.java:464)
at org.openqa.selenium.remote.ProtocolHandshake.createSession(ProtocolHandshake.java:128)
at org.openqa.selenium.remote.ProtocolHandshake.createSession(ProtocolHandshake.java:74)
at org.openqa.selenium.remote.HttpCommandExecutor.execute(HttpCommandExecutor.java:136)
at org.openqa.selenium.remote.service.DriverCommandExecutor.execute(DriverCommandExecutor.java:83)
at org.openqa.selenium.remote.RemoteWebDriver.execute(RemoteWebDriver.java:552)
at org.openqa.selenium.remote.RemoteWebDriver.startSession(RemoteWebDriver.java:213)
at org.openqa.selenium.remote.RemoteWebDriver.<init>(RemoteWebDriver.java:131)
at org.openqa.selenium.chrome.ChromeDriver.<init>(ChromeDriver.java:181)
at org.openqa.selenium.chrome.ChromeDriver.<init>(ChromeDriver.java:168)
at org.openqa.selenium.chrome.ChromeDriver.<init>(ChromeDriver.java:123)
at com.crm.comcast.genericutility.BaseAnnotationClass.config_BC(BaseAnnotationClass.java:46)
at sun.reflect.NativeMethodAccessorImpl.invoke0(Native Method)
at sun.reflect.NativeMethodAccessorImpl.invoke(NativeMethodAccessorImpl.java:62)
at sun.reflect.DelegatingMethodAccessorImpl.invoke(DelegatingMethodAccessorImpl.java:43)
at java.lang.reflect.Method.invoke(Method.java:498)
at org.testng.internal.MethodInvocationHelper.invokeMethod(MethodInvocationHelper.java:133)
at org.testng.internal.MethodInvocationHelper.invokeMethodConsideringTimeout(MethodInvocationHelper.java:62)
at org.testng.internal.ConfigInvoker.invokeConfigurationMethod(ConfigInvoker.java:385)
at org.testng.internal.ConfigInvoker.invokeConfigurations(ConfigInvoker.java:321)
at org.testng.internal.TestMethodWorker.invokeBeforeClassMethods(TestMethodWorker.java:176)
at org.testng.internal.TestMethodWorker.run(TestMethodWorker.java:122)
at java.util.ArrayList.forEach(ArrayList.java:1257)
at org.testng.TestRunner.privateRun(TestRunner.java:794)
at org.testng.TestRunner.run(TestRunner.java:596)
at org.testng.SuiteRunner.runTest(SuiteRunner.java:377)
at org.testng.SuiteRunner.access$000(SuiteRunner.java:28)
at org.testng.SuiteRunner$SuiteWorker.run(SuiteRunner.java:418)
at org.testng.internal.thread.ThreadUtil.lambda$execute$0(ThreadUtil.java:64)
at java.util.concurrent.FutureTask.run(FutureTask.java:266)
at java.util.concurrent.ThreadPoolExecutor.runWorker(ThreadPoolExecutor.java:1149)
at java.util.concurrent.ThreadPoolExecutor$Worker.run(ThreadPoolExecutor.java:624)
at java.lang.Thread.run(Thread.java:748)
]]>
    </error>
  </testcase> <!-- config_BC -->
  <system-out/>
  <testcase name="createOrganizationTest" time="0.000" classname="com.crm.comcast.organaizationtest.CreateOrganizationTest">
    <skipped/>
  </testcase> <!-- createOrganizationTest -->
  <system-out/>
  <testcase name="createOrganization_With_Industries_And_Type_Test" time="0.000" classname="com.crm.comcast.organaizationtest.CreateOrganizationTest">
    <skipped/>
  </testcase> <!-- createOrganization_With_Industries_And_Type_Test -->
  <system-out/>
  <testcase name="config_BC" time="12.239" classname="com.crm.comcast.organaizationtest.CreateOrganizationTest">
    <error type="org.openqa.selenium.SessionNotCreatedException" message="session not created: This version of ChromeDriver only supports Chrome version 95
Current browser version is 98.0.4758.102 with binary path C:\Program Files\Google\Chrome\Application\chrome.exe
Build info: version: &#039;3.141.59&#039;, revision: &#039;e82be7d358&#039;, time: &#039;2018-11-14T08:25:48&#039;
System info: host: &#039;DESKTOP-9C5438O&#039;, ip: &#039;127.0.0.1&#039;, os.name: &#039;Windows 10&#039;, os.arch: &#039;amd64&#039;, os.version: &#039;10.0&#039;, java.version: &#039;1.8.0_202&#039;
Driver info: driver.version: ChromeDriver
remote stacktrace: Backtrace:
	Ordinal0 [0x01123AB3+2505395]
	Ordinal0 [0x010BAE41+2076225]
	Ordinal0 [0x00FC2498+1057944]
	Ordinal0 [0x00FE0841+1181761]
	Ordinal0 [0x00FDC64B+1164875]
	Ordinal0 [0x00FD9EBF+1154751]
	Ordinal0 [0x0100A02F+1351727]
	Ordinal0 [0x01009C9A+1350810]
	Ordinal0 [0x010058BB+1333435]
	Ordinal0 [0x00FE23E4+1188836]
	Ordinal0 [0x00FE323F+1192511]
	GetHandleVerifier [0x012ACB36+1554566]
	GetHandleVerifier [0x01354A0C+2242396]
	GetHandleVerifier [0x011B0E0B+523099]
	GetHandleVerifier [0x011AFEB0+519168]
	Ordinal0 [0x010C02FD+2097917]
	Ordinal0 [0x010C4388+2114440]
	Ordinal0 [0x010C44C2+2114754]
	Ordinal0 [0x010CE041+2154561]
	BaseThreadInitThunk [0x7732FA29+25]
	RtlGetAppContainerNamedObjectPath [0x775D7A7E+286]
	RtlGetAppContainerNamedObjectPath [0x775D7A4E+238]
">
      <![CDATA[org.openqa.selenium.SessionNotCreatedException: session not created: This version of ChromeDriver only supports Chrome version 95
Current browser version is 98.0.4758.102 with binary path C:\Program Files\Google\Chrome\Application\chrome.exe
Build info: version: '3.141.59', revision: 'e82be7d358', time: '2018-11-14T08:25:48'
System info: host: 'DESKTOP-9C5438O', ip: '127.0.0.1', os.name: 'Windows 10', os.arch: 'amd64', os.version: '10.0', java.version: '1.8.0_202'
Driver info: driver.version: ChromeDriver
remote stacktrace: Backtrace:
Ordinal0 [0x01123AB3+2505395]
Ordinal0 [0x010BAE41+2076225]
Ordinal0 [0x00FC2498+1057944]
Ordinal0 [0x00FE0841+1181761]
Ordinal0 [0x00FDC64B+1164875]
Ordinal0 [0x00FD9EBF+1154751]
Ordinal0 [0x0100A02F+1351727]
Ordinal0 [0x01009C9A+1350810]
Ordinal0 [0x010058BB+1333435]
Ordinal0 [0x00FE23E4+1188836]
Ordinal0 [0x00FE323F+1192511]
GetHandleVerifier [0x012ACB36+1554566]
GetHandleVerifier [0x01354A0C+2242396]
GetHandleVerifier [0x011B0E0B+523099]
GetHandleVerifier [0x011AFEB0+519168]
Ordinal0 [0x010C02FD+2097917]
Ordinal0 [0x010C4388+2114440]
Ordinal0 [0x010C44C2+2114754]
Ordinal0 [0x010CE041+2154561]
BaseThreadInitThunk [0x7732FA29+25]
RtlGetAppContainerNamedObjectPath [0x775D7A7E+286]
RtlGetAppContainerNamedObjectPath [0x775D7A4E+238]

at sun.reflect.NativeConstructorAccessorImpl.newInstance0(Native Method)
at sun.reflect.NativeConstructorAccessorImpl.newInstance(NativeConstructorAccessorImpl.java:62)
at sun.reflect.DelegatingConstructorAccessorImpl.newInstance(DelegatingConstructorAccessorImpl.java:45)
at java.lang.reflect.Constructor.newInstance(Constructor.java:423)
at org.openqa.selenium.remote.W3CHandshakeResponse.lambda$errorHandler$0(W3CHandshakeResponse.java:62)
at org.openqa.selenium.remote.HandshakeResponse.lambda$getResponseFunction$0(HandshakeResponse.java:30)
at org.openqa.selenium.remote.ProtocolHandshake.lambda$createSession$0(ProtocolHandshake.java:126)
at java.util.stream.ReferencePipeline$3$1.accept(ReferencePipeline.java:193)
at java.util.Spliterators$ArraySpliterator.tryAdvance(Spliterators.java:958)
at java.util.stream.ReferencePipeline.forEachWithCancel(ReferencePipeline.java:126)
at java.util.stream.AbstractPipeline.copyIntoWithCancel(AbstractPipeline.java:498)
at java.util.stream.AbstractPipeline.copyInto(AbstractPipeline.java:485)
at java.util.stream.AbstractPipeline.wrapAndCopyInto(AbstractPipeline.java:471)
at java.util.stream.FindOps$FindOp.evaluateSequential(FindOps.java:152)
at java.util.stream.AbstractPipeline.evaluate(AbstractPipeline.java:234)
at java.util.stream.ReferencePipeline.findFirst(ReferencePipeline.java:464)
at org.openqa.selenium.remote.ProtocolHandshake.createSession(ProtocolHandshake.java:128)
at org.openqa.selenium.remote.ProtocolHandshake.createSession(ProtocolHandshake.java:74)
at org.openqa.selenium.remote.HttpCommandExecutor.execute(HttpCommandExecutor.java:136)
at org.openqa.selenium.remote.service.DriverCommandExecutor.execute(DriverCommandExecutor.java:83)
at org.openqa.selenium.remote.RemoteWebDriver.execute(RemoteWebDriver.java:552)
at org.openqa.selenium.remote.RemoteWebDriver.startSession(RemoteWebDriver.java:213)
at org.openqa.selenium.remote.RemoteWebDriver.<init>(RemoteWebDriver.java:131)
at org.openqa.selenium.chrome.ChromeDriver.<init>(ChromeDriver.java:181)
at org.openqa.selenium.chrome.ChromeDriver.<init>(ChromeDriver.java:168)
at org.openqa.selenium.chrome.ChromeDriver.<init>(ChromeDriver.java:123)
at com.crm.comcast.genericutility.BaseAnnotationClass.config_BC(BaseAnnotationClass.java:46)
at sun.reflect.NativeMethodAccessorImpl.invoke0(Native Method)
at sun.reflect.NativeMethodAccessorImpl.invoke(NativeMethodAccessorImpl.java:62)
at sun.reflect.DelegatingMethodAccessorImpl.invoke(DelegatingMethodAccessorImpl.java:43)
at java.lang.reflect.Method.invoke(Method.java:498)
at org.testng.internal.MethodInvocationHelper.invokeMethod(MethodInvocationHelper.java:133)
at org.testng.internal.MethodInvocationHelper.invokeMethodConsideringTimeout(MethodInvocationHelper.java:62)
at org.testng.internal.ConfigInvoker.invokeConfigurationMethod(ConfigInvoker.java:385)
at org.testng.internal.ConfigInvoker.invokeConfigurations(ConfigInvoker.java:321)
at org.testng.internal.TestMethodWorker.invokeBeforeClassMethods(TestMethodWorker.java:176)
at org.testng.internal.TestMethodWorker.run(TestMethodWorker.java:122)
at java.util.ArrayList.forEach(ArrayList.java:1257)
at org.testng.TestRunner.privateRun(TestRunner.java:794)
at org.testng.TestRunner.run(TestRunner.java:596)
at org.testng.SuiteRunner.runTest(SuiteRunner.java:377)
at org.testng.SuiteRunner.access$000(SuiteRunner.java:28)
at org.testng.SuiteRunner$SuiteWorker.run(SuiteRunner.java:418)
at org.testng.internal.thread.ThreadUtil.lambda$execute$0(ThreadUtil.java:64)
at java.util.concurrent.FutureTask.run(FutureTask.java:266)
at java.util.concurrent.ThreadPoolExecutor.runWorker(ThreadPoolExecutor.java:1149)
at java.util.concurrent.ThreadPoolExecutor$Worker.run(ThreadPoolExecutor.java:624)
at java.lang.Thread.run(Thread.java:748)
]]>
    </error>
  </testcase> <!-- config_BC -->
  <system-out/>
</testsuite> <!-- com.crm.comcast.organaizationtest.CreateOrganizationTest -->
